<?xml version="1.0" encoding="UTF-8"?>
<testsuite name="com.concordia.report.repository.PlayerRepositoryTest" tests="7" skipped="0" failures="0" errors="0" timestamp="2021-03-13T15:55:57" hostname="DESKTOP-Q6560TQ" time="0.735">
  <properties/>
  <testcase name="testSaveMultiplePlayers()" classname="com.concordia.report.repository.PlayerRepositoryTest" time="0.492"/>
  <testcase name="testDeletePlayerById()" classname="com.concordia.report.repository.PlayerRepositoryTest" time="0.022"/>
  <testcase name="testUpdatePlayer()" classname="com.concordia.report.repository.PlayerRepositoryTest" time="0.012"/>
  <testcase name="testDeletePlayer()" classname="com.concordia.report.repository.PlayerRepositoryTest" time="0.011"/>
  <testcase name="testSavePlayer()" classname="com.concordia.report.repository.PlayerRepositoryTest" time="0.032"/>
  <testcase name="testPaginationPlayers()" classname="com.concordia.report.repository.PlayerRepositoryTest" time="0.149"/>
  <testcase name="testGetPlayer()" classname="com.concordia.report.repository.PlayerRepositoryTest" time="0.01"/>
  <system-out><![CDATA[10:55:53.200 [Test worker] DEBUG org.springframework.test.context.BootstrapUtils - Instantiating CacheAwareContextLoaderDelegate from class [org.springframework.test.context.cache.DefaultCacheAwareContextLoaderDelegate]
10:55:53.219 [Test worker] DEBUG org.springframework.test.context.BootstrapUtils - Instantiating BootstrapContext using constructor [public org.springframework.test.context.support.DefaultBootstrapContext(java.lang.Class,org.springframework.test.context.CacheAwareContextLoaderDelegate)]
10:55:53.277 [Test worker] DEBUG org.springframework.test.context.BootstrapUtils - Instantiating TestContextBootstrapper for test class [com.concordia.report.repository.PlayerRepositoryTest] from class [org.springframework.boot.test.autoconfigure.orm.jpa.DataJpaTestContextBootstrapper]
10:55:53.297 [Test worker] INFO org.springframework.boot.test.autoconfigure.orm.jpa.DataJpaTestContextBootstrapper - Neither @ContextConfiguration nor @ContextHierarchy found for test class [com.concordia.report.repository.PlayerRepositoryTest], using SpringBootContextLoader
10:55:53.304 [Test worker] DEBUG org.springframework.test.context.support.AbstractContextLoader - Did not detect default resource location for test class [com.concordia.report.repository.PlayerRepositoryTest]: class path resource [com/concordia/report/repository/PlayerRepositoryTest-context.xml] does not exist
10:55:53.305 [Test worker] DEBUG org.springframework.test.context.support.AbstractContextLoader - Did not detect default resource location for test class [com.concordia.report.repository.PlayerRepositoryTest]: class path resource [com/concordia/report/repository/PlayerRepositoryTestContext.groovy] does not exist
10:55:53.305 [Test worker] INFO org.springframework.test.context.support.AbstractContextLoader - Could not detect default resource locations for test class [com.concordia.report.repository.PlayerRepositoryTest]: no resource found for suffixes {-context.xml, Context.groovy}.
10:55:53.307 [Test worker] INFO org.springframework.test.context.support.AnnotationConfigContextLoaderUtils - Could not detect default configuration classes for test class [com.concordia.report.repository.PlayerRepositoryTest]: PlayerRepositoryTest does not declare any static, non-private, non-final, nested classes annotated with @Configuration.
10:55:53.408 [Test worker] DEBUG org.springframework.test.context.support.ActiveProfilesUtils - Could not find an 'annotation declaring class' for annotation type [org.springframework.test.context.ActiveProfiles] and class [com.concordia.report.repository.PlayerRepositoryTest]
10:55:53.527 [Test worker] DEBUG org.springframework.context.annotation.ClassPathScanningCandidateComponentProvider - Identified candidate component class: file [C:\Users\Marchiano\Documents\Spring Tool Suite\gradle-report\build\classes\java\main\com\concordia\report\GradleReportApplication.class]
10:55:53.532 [Test worker] INFO org.springframework.boot.test.context.SpringBootTestContextBootstrapper - Found @SpringBootConfiguration com.concordia.report.GradleReportApplication for test class com.concordia.report.repository.PlayerRepositoryTest
10:55:53.538 [Test worker] DEBUG org.springframework.boot.test.autoconfigure.orm.jpa.DataJpaTestContextBootstrapper - @TestExecutionListeners is not present for class [com.concordia.report.repository.PlayerRepositoryTest]: using defaults.
10:55:53.539 [Test worker] INFO org.springframework.boot.test.autoconfigure.orm.jpa.DataJpaTestContextBootstrapper - Loaded default TestExecutionListener class names from location [META-INF/spring.factories]: [org.springframework.boot.test.autoconfigure.restdocs.RestDocsTestExecutionListener, org.springframework.boot.test.autoconfigure.web.client.MockRestServiceServerResetTestExecutionListener, org.springframework.boot.test.autoconfigure.web.servlet.MockMvcPrintOnlyOnFailureTestExecutionListener, org.springframework.boot.test.autoconfigure.web.servlet.WebDriverTestExecutionListener, org.springframework.boot.test.autoconfigure.webservices.client.MockWebServiceServerTestExecutionListener, org.springframework.boot.test.mock.mockito.MockitoTestExecutionListener, org.springframework.boot.test.mock.mockito.ResetMocksTestExecutionListener, org.springframework.test.context.web.ServletTestExecutionListener, org.springframework.test.context.support.DirtiesContextBeforeModesTestExecutionListener, org.springframework.test.context.event.ApplicationEventsTestExecutionListener, org.springframework.test.context.support.DependencyInjectionTestExecutionListener, org.springframework.test.context.support.DirtiesContextTestExecutionListener, org.springframework.test.context.transaction.TransactionalTestExecutionListener, org.springframework.test.context.jdbc.SqlScriptsTestExecutionListener, org.springframework.test.context.event.EventPublishingTestExecutionListener]
10:55:53.577 [Test worker] INFO org.springframework.boot.test.autoconfigure.orm.jpa.DataJpaTestContextBootstrapper - Using TestExecutionListeners: [org.springframework.test.context.web.ServletTestExecutionListener@6ab0a154, org.springframework.test.context.support.DirtiesContextBeforeModesTestExecutionListener@1be22710, org.springframework.test.context.event.ApplicationEventsTestExecutionListener@2c092bba, org.springframework.boot.test.mock.mockito.MockitoTestExecutionListener@21eca3eb, org.springframework.boot.test.autoconfigure.SpringBootDependencyInjectionTestExecutionListener@4e390c83, org.springframework.test.context.support.DirtiesContextTestExecutionListener@44e968f3, org.springframework.test.context.transaction.TransactionalTestExecutionListener@2158df2f, org.springframework.test.context.jdbc.SqlScriptsTestExecutionListener@656fd314, org.springframework.test.context.event.EventPublishingTestExecutionListener@6334862e, org.springframework.boot.test.autoconfigure.restdocs.RestDocsTestExecutionListener@6c15c44b, org.springframework.boot.test.autoconfigure.web.client.MockRestServiceServerResetTestExecutionListener@b53cf41, org.springframework.boot.test.autoconfigure.web.servlet.MockMvcPrintOnlyOnFailureTestExecutionListener@103f5a4c, org.springframework.boot.test.autoconfigure.web.servlet.WebDriverTestExecutionListener@577dab93, org.springframework.boot.test.autoconfigure.webservices.client.MockWebServiceServerTestExecutionListener@15880aab, org.springframework.boot.test.mock.mockito.ResetMocksTestExecutionListener@b4f69c]
10:55:53.586 [Test worker] DEBUG org.springframework.test.context.support.AbstractDirtiesContextTestExecutionListener - Before test class: context [DefaultTestContext@25913704 testClass = PlayerRepositoryTest, testInstance = [null], testMethod = [null], testException = [null], mergedContextConfiguration = [MergedContextConfiguration@5cb99491 testClass = PlayerRepositoryTest, locations = '{}', classes = '{class com.concordia.report.GradleReportApplication}', contextInitializerClasses = '[]', activeProfiles = '{}', propertySourceLocations = '{}', propertySourceProperties = '{org.springframework.boot.test.autoconfigure.orm.jpa.DataJpaTestContextBootstrapper=true}', contextCustomizers = set[org.springframework.boot.test.autoconfigure.OverrideAutoConfigurationContextCustomizerFactory$DisableAutoConfigurationContextCustomizer@15ac5146, org.springframework.boot.test.autoconfigure.actuate.metrics.MetricsExportContextCustomizerFactory$DisableMetricExportContextCustomizer@206623d4, org.springframework.boot.test.autoconfigure.filter.TypeExcludeFiltersContextCustomizer@351584c0, org.springframework.boot.test.autoconfigure.properties.PropertyMappingContextCustomizer@ac45a34a, org.springframework.boot.test.autoconfigure.web.servlet.WebDriverContextCustomizerFactory$Customizer@49661dab, [ImportsContextCustomizer@5ff31a26 key = [org.springframework.boot.autoconfigure.cache.CacheAutoConfiguration, org.springframework.boot.autoconfigure.data.jpa.JpaRepositoriesAutoConfiguration, org.springframework.boot.autoconfigure.flyway.FlywayAutoConfiguration, org.springframework.boot.autoconfigure.jdbc.DataSourceAutoConfiguration, org.springframework.boot.autoconfigure.jdbc.DataSourceTransactionManagerAutoConfiguration, org.springframework.boot.autoconfigure.jdbc.JdbcTemplateAutoConfiguration, org.springframework.boot.autoconfigure.liquibase.LiquibaseAutoConfiguration, org.springframework.boot.autoconfigure.orm.jpa.HibernateJpaAutoConfiguration, org.springframework.boot.autoconfigure.transaction.TransactionAutoConfiguration, org.springframework.boot.test.autoconfigure.jdbc.TestDatabaseAutoConfiguration, org.springframework.boot.test.autoconfigure.orm.jpa.TestEntityManagerAutoConfiguration]], org.springframework.boot.test.context.filter.ExcludeFilterContextCustomizer@109a83b9, org.springframework.boot.test.json.DuplicateJsonObjectContextCustomizerFactory$DuplicateJsonObjectContextCustomizer@111c0633, org.springframework.boot.test.mock.mockito.MockitoContextCustomizer@0, org.springframework.boot.test.context.SpringBootTestArgs@1, org.springframework.boot.test.context.SpringBootTestWebEnvironment@0], contextLoader = 'org.springframework.boot.test.context.SpringBootContextLoader', parent = [null]], attributes = map[[empty]]], class annotated with @DirtiesContext [false] with mode [null].
10:55:53.606 [Test worker] DEBUG org.springframework.test.context.support.DependencyInjectionTestExecutionListener - Performing dependency injection for test context [[DefaultTestContext@25913704 testClass = PlayerRepositoryTest, testInstance = com.concordia.report.repository.PlayerRepositoryTest@391ef385, testMethod = [null], testException = [null], mergedContextConfiguration = [MergedContextConfiguration@5cb99491 testClass = PlayerRepositoryTest, locations = '{}', classes = '{class com.concordia.report.GradleReportApplication}', contextInitializerClasses = '[]', activeProfiles = '{}', propertySourceLocations = '{}', propertySourceProperties = '{org.springframework.boot.test.autoconfigure.orm.jpa.DataJpaTestContextBootstrapper=true}', contextCustomizers = set[org.springframework.boot.test.autoconfigure.OverrideAutoConfigurationContextCustomizerFactory$DisableAutoConfigurationContextCustomizer@15ac5146, org.springframework.boot.test.autoconfigure.actuate.metrics.MetricsExportContextCustomizerFactory$DisableMetricExportContextCustomizer@206623d4, org.springframework.boot.test.autoconfigure.filter.TypeExcludeFiltersContextCustomizer@351584c0, org.springframework.boot.test.autoconfigure.properties.PropertyMappingContextCustomizer@ac45a34a, org.springframework.boot.test.autoconfigure.web.servlet.WebDriverContextCustomizerFactory$Customizer@49661dab, [ImportsContextCustomizer@5ff31a26 key = [org.springframework.boot.autoconfigure.cache.CacheAutoConfiguration, org.springframework.boot.autoconfigure.data.jpa.JpaRepositoriesAutoConfiguration, org.springframework.boot.autoconfigure.flyway.FlywayAutoConfiguration, org.springframework.boot.autoconfigure.jdbc.DataSourceAutoConfiguration, org.springframework.boot.autoconfigure.jdbc.DataSourceTransactionManagerAutoConfiguration, org.springframework.boot.autoconfigure.jdbc.JdbcTemplateAutoConfiguration, org.springframework.boot.autoconfigure.liquibase.LiquibaseAutoConfiguration, org.springframework.boot.autoconfigure.orm.jpa.HibernateJpaAutoConfiguration, org.springframework.boot.autoconfigure.transaction.TransactionAutoConfiguration, org.springframework.boot.test.autoconfigure.jdbc.TestDatabaseAutoConfiguration, org.springframework.boot.test.autoconfigure.orm.jpa.TestEntityManagerAutoConfiguration]], org.springframework.boot.test.context.filter.ExcludeFilterContextCustomizer@109a83b9, org.springframework.boot.test.json.DuplicateJsonObjectContextCustomizerFactory$DuplicateJsonObjectContextCustomizer@111c0633, org.springframework.boot.test.mock.mockito.MockitoContextCustomizer@0, org.springframework.boot.test.context.SpringBootTestArgs@1, org.springframework.boot.test.context.SpringBootTestWebEnvironment@0], contextLoader = 'org.springframework.boot.test.context.SpringBootContextLoader', parent = [null]], attributes = map['org.springframework.test.context.event.ApplicationEventsTestExecutionListener.recordApplicationEvents' -> false]]].
10:55:53.652 [Test worker] DEBUG org.springframework.test.context.support.TestPropertySourceUtils - Adding inlined properties to environment: {spring.jmx.enabled=false, org.springframework.boot.test.autoconfigure.orm.jpa.DataJpaTestContextBootstrapper=true}

  .   ____          _            __ _ _
 /\\ / ___'_ __ _ _(_)_ __  __ _ \ \ \ \
( ( )\___ | '_ | '_| | '_ \/ _` | \ \ \ \
 \\/  ___)| |_)| | | | | || (_| |  ) ) ) )
  '  |____| .__|_| |_|_| |_\__, | / / / /
 =========|_|==============|___/=/_/_/_/
 :: Spring Boot ::                (v2.4.3)

2021-03-13 10:55:54.178  INFO 6648 --- [    Test worker] c.c.r.repository.PlayerRepositoryTest    : Starting PlayerRepositoryTest using Java 15.0.1 on DESKTOP-Q6560TQ with PID 6648 (started by Marchiano in C:\Users\Marchiano\Documents\Spring Tool Suite\gradle-report)
2021-03-13 10:55:54.183  INFO 6648 --- [    Test worker] c.c.r.repository.PlayerRepositoryTest    : No active profile set, falling back to default profiles: default
2021-03-13 10:55:54.770  INFO 6648 --- [    Test worker] .s.d.r.c.RepositoryConfigurationDelegate : Multiple Spring Data modules found, entering strict repository configuration mode!
2021-03-13 10:55:54.774  INFO 6648 --- [    Test worker] .s.d.r.c.RepositoryConfigurationDelegate : Bootstrapping Spring Data JPA repositories in DEFAULT mode.
2021-03-13 10:55:54.859  INFO 6648 --- [    Test worker] .s.d.r.c.RepositoryConfigurationDelegate : Finished Spring Data repository scanning in 73 ms. Found 1 JPA repository interfaces.
2021-03-13 10:55:54.934  INFO 6648 --- [    Test worker] beddedDataSourceBeanFactoryPostProcessor : Replacing 'dataSource' DataSource bean with embedded version
2021-03-13 10:55:55.170  INFO 6648 --- [    Test worker] o.s.j.d.e.EmbeddedDatabaseFactory        : Starting embedded database: url='jdbc:h2:mem:132b7e84-efda-4f3a-a64c-34ac61d35d24;DB_CLOSE_DELAY=-1;DB_CLOSE_ON_EXIT=false', username='sa'
2021-03-13 10:55:55.816  INFO 6648 --- [    Test worker] o.hibernate.jpa.internal.util.LogHelper  : HHH000204: Processing PersistenceUnitInfo [name: default]
2021-03-13 10:55:55.898  INFO 6648 --- [    Test worker] org.hibernate.Version                    : HHH000412: Hibernate ORM core version 5.4.28.Final
2021-03-13 10:55:56.134  INFO 6648 --- [    Test worker] o.hibernate.annotations.common.Version   : HCANN000001: Hibernate Commons Annotations {5.1.2.Final}
2021-03-13 10:55:56.302  INFO 6648 --- [    Test worker] org.hibernate.dialect.Dialect            : HHH000400: Using dialect: org.hibernate.dialect.H2Dialect
Hibernate: drop table if exists player CASCADE 
Hibernate: drop sequence if exists hibernate_sequence
Hibernate: create sequence hibernate_sequence start with 1 increment by 1
Hibernate: create table player (id bigint not null, country varchar(255), name varchar(255) not null, points integer not null, team varchar(255) not null, primary key (id))
2021-03-13 10:55:57.087  INFO 6648 --- [    Test worker] o.h.e.t.j.p.i.JtaPlatformInitiator       : HHH000490: Using JtaPlatform implementation: [org.hibernate.engine.transaction.jta.platform.internal.NoJtaPlatform]
2021-03-13 10:55:57.100  INFO 6648 --- [    Test worker] j.LocalContainerEntityManagerFactoryBean : Initialized JPA EntityManagerFactory for persistence unit 'default'
2021-03-13 10:55:57.750  INFO 6648 --- [    Test worker] c.c.r.repository.PlayerRepositoryTest    : Started PlayerRepositoryTest in 4.094 seconds (JVM running for 5.84)
2021-03-13 10:55:57.786  INFO 6648 --- [    Test worker] o.s.t.c.transaction.TransactionContext   : Began transaction (1) for test context [DefaultTestContext@25913704 testClass = PlayerRepositoryTest, testInstance = com.concordia.report.repository.PlayerRepositoryTest@391ef385, testMethod = testSaveMultiplePlayers@PlayerRepositoryTest, testException = [null], mergedContextConfiguration = [MergedContextConfiguration@5cb99491 testClass = PlayerRepositoryTest, locations = '{}', classes = '{class com.concordia.report.GradleReportApplication}', contextInitializerClasses = '[]', activeProfiles = '{}', propertySourceLocations = '{}', propertySourceProperties = '{org.springframework.boot.test.autoconfigure.orm.jpa.DataJpaTestContextBootstrapper=true}', contextCustomizers = set[org.springframework.boot.test.autoconfigure.OverrideAutoConfigurationContextCustomizerFactory$DisableAutoConfigurationContextCustomizer@15ac5146, org.springframework.boot.test.autoconfigure.actuate.metrics.MetricsExportContextCustomizerFactory$DisableMetricExportContextCustomizer@206623d4, org.springframework.boot.test.autoconfigure.filter.TypeExcludeFiltersContextCustomizer@351584c0, org.springframework.boot.test.autoconfigure.properties.PropertyMappingContextCustomizer@ac45a34a, org.springframework.boot.test.autoconfigure.web.servlet.WebDriverContextCustomizerFactory$Customizer@49661dab, [ImportsContextCustomizer@5ff31a26 key = [org.springframework.boot.autoconfigure.cache.CacheAutoConfiguration, org.springframework.boot.autoconfigure.data.jpa.JpaRepositoriesAutoConfiguration, org.springframework.boot.autoconfigure.flyway.FlywayAutoConfiguration, org.springframework.boot.autoconfigure.jdbc.DataSourceAutoConfiguration, org.springframework.boot.autoconfigure.jdbc.DataSourceTransactionManagerAutoConfiguration, org.springframework.boot.autoconfigure.jdbc.JdbcTemplateAutoConfiguration, org.springframework.boot.autoconfigure.liquibase.LiquibaseAutoConfiguration, org.springframework.boot.autoconfigure.orm.jpa.HibernateJpaAutoConfiguration, org.springframework.boot.autoconfigure.transaction.TransactionAutoConfiguration, org.springframework.boot.test.autoconfigure.jdbc.TestDatabaseAutoConfiguration, org.springframework.boot.test.autoconfigure.orm.jpa.TestEntityManagerAutoConfiguration]], org.springframework.boot.test.context.filter.ExcludeFilterContextCustomizer@109a83b9, org.springframework.boot.test.json.DuplicateJsonObjectContextCustomizerFactory$DuplicateJsonObjectContextCustomizer@111c0633, org.springframework.boot.test.mock.mockito.MockitoContextCustomizer@0, org.springframework.boot.test.context.SpringBootTestArgs@1, org.springframework.boot.test.context.SpringBootTestWebEnvironment@0], contextLoader = 'org.springframework.boot.test.context.SpringBootContextLoader', parent = [null]], attributes = map['org.springframework.test.context.event.ApplicationEventsTestExecutionListener.recordApplicationEvents' -> false]]; transaction manager [org.springframework.orm.jpa.JpaTransactionManager@768a0ae3]; rollback [true]
Hibernate: call next value for hibernate_sequence
Hibernate: call next value for hibernate_sequence
Hibernate: call next value for hibernate_sequence
Hibernate: insert into player (country, name, points, team, id) values (?, ?, ?, ?, ?)
Hibernate: insert into player (country, name, points, team, id) values (?, ?, ?, ?, ?)
Hibernate: insert into player (country, name, points, team, id) values (?, ?, ?, ?, ?)
Hibernate: select player0_.id as id1_0_, player0_.country as country2_0_, player0_.name as name3_0_, player0_.points as points4_0_, player0_.team as team5_0_ from player player0_
Hibernate: select count(*) as col_0_0_ from player player0_
2021-03-13 10:55:58.251  INFO 6648 --- [    Test worker] o.s.t.c.transaction.TransactionContext   : Rolled back transaction for test: [DefaultTestContext@25913704 testClass = PlayerRepositoryTest, testInstance = com.concordia.report.repository.PlayerRepositoryTest@391ef385, testMethod = testSaveMultiplePlayers@PlayerRepositoryTest, testException = [null], mergedContextConfiguration = [MergedContextConfiguration@5cb99491 testClass = PlayerRepositoryTest, locations = '{}', classes = '{class com.concordia.report.GradleReportApplication}', contextInitializerClasses = '[]', activeProfiles = '{}', propertySourceLocations = '{}', propertySourceProperties = '{org.springframework.boot.test.autoconfigure.orm.jpa.DataJpaTestContextBootstrapper=true}', contextCustomizers = set[org.springframework.boot.test.autoconfigure.OverrideAutoConfigurationContextCustomizerFactory$DisableAutoConfigurationContextCustomizer@15ac5146, org.springframework.boot.test.autoconfigure.actuate.metrics.MetricsExportContextCustomizerFactory$DisableMetricExportContextCustomizer@206623d4, org.springframework.boot.test.autoconfigure.filter.TypeExcludeFiltersContextCustomizer@351584c0, org.springframework.boot.test.autoconfigure.properties.PropertyMappingContextCustomizer@ac45a34a, org.springframework.boot.test.autoconfigure.web.servlet.WebDriverContextCustomizerFactory$Customizer@49661dab, [ImportsContextCustomizer@5ff31a26 key = [org.springframework.boot.autoconfigure.cache.CacheAutoConfiguration, org.springframework.boot.autoconfigure.data.jpa.JpaRepositoriesAutoConfiguration, org.springframework.boot.autoconfigure.flyway.FlywayAutoConfiguration, org.springframework.boot.autoconfigure.jdbc.DataSourceAutoConfiguration, org.springframework.boot.autoconfigure.jdbc.DataSourceTransactionManagerAutoConfiguration, org.springframework.boot.autoconfigure.jdbc.JdbcTemplateAutoConfiguration, org.springframework.boot.autoconfigure.liquibase.LiquibaseAutoConfiguration, org.springframework.boot.autoconfigure.orm.jpa.HibernateJpaAutoConfiguration, org.springframework.boot.autoconfigure.transaction.TransactionAutoConfiguration, org.springframework.boot.test.autoconfigure.jdbc.TestDatabaseAutoConfiguration, org.springframework.boot.test.autoconfigure.orm.jpa.TestEntityManagerAutoConfiguration]], org.springframework.boot.test.context.filter.ExcludeFilterContextCustomizer@109a83b9, org.springframework.boot.test.json.DuplicateJsonObjectContextCustomizerFactory$DuplicateJsonObjectContextCustomizer@111c0633, org.springframework.boot.test.mock.mockito.MockitoContextCustomizer@0, org.springframework.boot.test.context.SpringBootTestArgs@1, org.springframework.boot.test.context.SpringBootTestWebEnvironment@0], contextLoader = 'org.springframework.boot.test.context.SpringBootContextLoader', parent = [null]], attributes = map['org.springframework.test.context.event.ApplicationEventsTestExecutionListener.recordApplicationEvents' -> false]]
2021-03-13 10:55:58.262  INFO 6648 --- [    Test worker] o.s.t.c.transaction.TransactionContext   : Began transaction (1) for test context [DefaultTestContext@25913704 testClass = PlayerRepositoryTest, testInstance = com.concordia.report.repository.PlayerRepositoryTest@2d4f0cd6, testMethod = testDeletePlayerById@PlayerRepositoryTest, testException = [null], mergedContextConfiguration = [MergedContextConfiguration@5cb99491 testClass = PlayerRepositoryTest, locations = '{}', classes = '{class com.concordia.report.GradleReportApplication}', contextInitializerClasses = '[]', activeProfiles = '{}', propertySourceLocations = '{}', propertySourceProperties = '{org.springframework.boot.test.autoconfigure.orm.jpa.DataJpaTestContextBootstrapper=true}', contextCustomizers = set[org.springframework.boot.test.autoconfigure.OverrideAutoConfigurationContextCustomizerFactory$DisableAutoConfigurationContextCustomizer@15ac5146, org.springframework.boot.test.autoconfigure.actuate.metrics.MetricsExportContextCustomizerFactory$DisableMetricExportContextCustomizer@206623d4, org.springframework.boot.test.autoconfigure.filter.TypeExcludeFiltersContextCustomizer@351584c0, org.springframework.boot.test.autoconfigure.properties.PropertyMappingContextCustomizer@ac45a34a, org.springframework.boot.test.autoconfigure.web.servlet.WebDriverContextCustomizerFactory$Customizer@49661dab, [ImportsContextCustomizer@5ff31a26 key = [org.springframework.boot.autoconfigure.cache.CacheAutoConfiguration, org.springframework.boot.autoconfigure.data.jpa.JpaRepositoriesAutoConfiguration, org.springframework.boot.autoconfigure.flyway.FlywayAutoConfiguration, org.springframework.boot.autoconfigure.jdbc.DataSourceAutoConfiguration, org.springframework.boot.autoconfigure.jdbc.DataSourceTransactionManagerAutoConfiguration, org.springframework.boot.autoconfigure.jdbc.JdbcTemplateAutoConfiguration, org.springframework.boot.autoconfigure.liquibase.LiquibaseAutoConfiguration, org.springframework.boot.autoconfigure.orm.jpa.HibernateJpaAutoConfiguration, org.springframework.boot.autoconfigure.transaction.TransactionAutoConfiguration, org.springframework.boot.test.autoconfigure.jdbc.TestDatabaseAutoConfiguration, org.springframework.boot.test.autoconfigure.orm.jpa.TestEntityManagerAutoConfiguration]], org.springframework.boot.test.context.filter.ExcludeFilterContextCustomizer@109a83b9, org.springframework.boot.test.json.DuplicateJsonObjectContextCustomizerFactory$DuplicateJsonObjectContextCustomizer@111c0633, org.springframework.boot.test.mock.mockito.MockitoContextCustomizer@0, org.springframework.boot.test.context.SpringBootTestArgs@1, org.springframework.boot.test.context.SpringBootTestWebEnvironment@0], contextLoader = 'org.springframework.boot.test.context.SpringBootContextLoader', parent = [null]], attributes = map['org.springframework.test.context.event.ApplicationEventsTestExecutionListener.recordApplicationEvents' -> false]]; transaction manager [org.springframework.orm.jpa.JpaTransactionManager@768a0ae3]; rollback [true]
Hibernate: call next value for hibernate_sequence
2021-03-13 10:55:58.280  INFO 6648 --- [    Test worker] o.s.t.c.transaction.TransactionContext   : Rolled back transaction for test: [DefaultTestContext@25913704 testClass = PlayerRepositoryTest, testInstance = com.concordia.report.repository.PlayerRepositoryTest@2d4f0cd6, testMethod = testDeletePlayerById@PlayerRepositoryTest, testException = [null], mergedContextConfiguration = [MergedContextConfiguration@5cb99491 testClass = PlayerRepositoryTest, locations = '{}', classes = '{class com.concordia.report.GradleReportApplication}', contextInitializerClasses = '[]', activeProfiles = '{}', propertySourceLocations = '{}', propertySourceProperties = '{org.springframework.boot.test.autoconfigure.orm.jpa.DataJpaTestContextBootstrapper=true}', contextCustomizers = set[org.springframework.boot.test.autoconfigure.OverrideAutoConfigurationContextCustomizerFactory$DisableAutoConfigurationContextCustomizer@15ac5146, org.springframework.boot.test.autoconfigure.actuate.metrics.MetricsExportContextCustomizerFactory$DisableMetricExportContextCustomizer@206623d4, org.springframework.boot.test.autoconfigure.filter.TypeExcludeFiltersContextCustomizer@351584c0, org.springframework.boot.test.autoconfigure.properties.PropertyMappingContextCustomizer@ac45a34a, org.springframework.boot.test.autoconfigure.web.servlet.WebDriverContextCustomizerFactory$Customizer@49661dab, [ImportsContextCustomizer@5ff31a26 key = [org.springframework.boot.autoconfigure.cache.CacheAutoConfiguration, org.springframework.boot.autoconfigure.data.jpa.JpaRepositoriesAutoConfiguration, org.springframework.boot.autoconfigure.flyway.FlywayAutoConfiguration, org.springframework.boot.autoconfigure.jdbc.DataSourceAutoConfiguration, org.springframework.boot.autoconfigure.jdbc.DataSourceTransactionManagerAutoConfiguration, org.springframework.boot.autoconfigure.jdbc.JdbcTemplateAutoConfiguration, org.springframework.boot.autoconfigure.liquibase.LiquibaseAutoConfiguration, org.springframework.boot.autoconfigure.orm.jpa.HibernateJpaAutoConfiguration, org.springframework.boot.autoconfigure.transaction.TransactionAutoConfiguration, org.springframework.boot.test.autoconfigure.jdbc.TestDatabaseAutoConfiguration, org.springframework.boot.test.autoconfigure.orm.jpa.TestEntityManagerAutoConfiguration]], org.springframework.boot.test.context.filter.ExcludeFilterContextCustomizer@109a83b9, org.springframework.boot.test.json.DuplicateJsonObjectContextCustomizerFactory$DuplicateJsonObjectContextCustomizer@111c0633, org.springframework.boot.test.mock.mockito.MockitoContextCustomizer@0, org.springframework.boot.test.context.SpringBootTestArgs@1, org.springframework.boot.test.context.SpringBootTestWebEnvironment@0], contextLoader = 'org.springframework.boot.test.context.SpringBootContextLoader', parent = [null]], attributes = map['org.springframework.test.context.event.ApplicationEventsTestExecutionListener.recordApplicationEvents' -> false]]
2021-03-13 10:55:58.285  INFO 6648 --- [    Test worker] o.s.t.c.transaction.TransactionContext   : Began transaction (1) for test context [DefaultTestContext@25913704 testClass = PlayerRepositoryTest, testInstance = com.concordia.report.repository.PlayerRepositoryTest@497d2b19, testMethod = testUpdatePlayer@PlayerRepositoryTest, testException = [null], mergedContextConfiguration = [MergedContextConfiguration@5cb99491 testClass = PlayerRepositoryTest, locations = '{}', classes = '{class com.concordia.report.GradleReportApplication}', contextInitializerClasses = '[]', activeProfiles = '{}', propertySourceLocations = '{}', propertySourceProperties = '{org.springframework.boot.test.autoconfigure.orm.jpa.DataJpaTestContextBootstrapper=true}', contextCustomizers = set[org.springframework.boot.test.autoconfigure.OverrideAutoConfigurationContextCustomizerFactory$DisableAutoConfigurationContextCustomizer@15ac5146, org.springframework.boot.test.autoconfigure.actuate.metrics.MetricsExportContextCustomizerFactory$DisableMetricExportContextCustomizer@206623d4, org.springframework.boot.test.autoconfigure.filter.TypeExcludeFiltersContextCustomizer@351584c0, org.springframework.boot.test.autoconfigure.properties.PropertyMappingContextCustomizer@ac45a34a, org.springframework.boot.test.autoconfigure.web.servlet.WebDriverContextCustomizerFactory$Customizer@49661dab, [ImportsContextCustomizer@5ff31a26 key = [org.springframework.boot.autoconfigure.cache.CacheAutoConfiguration, org.springframework.boot.autoconfigure.data.jpa.JpaRepositoriesAutoConfiguration, org.springframework.boot.autoconfigure.flyway.FlywayAutoConfiguration, org.springframework.boot.autoconfigure.jdbc.DataSourceAutoConfiguration, org.springframework.boot.autoconfigure.jdbc.DataSourceTransactionManagerAutoConfiguration, org.springframework.boot.autoconfigure.jdbc.JdbcTemplateAutoConfiguration, org.springframework.boot.autoconfigure.liquibase.LiquibaseAutoConfiguration, org.springframework.boot.autoconfigure.orm.jpa.HibernateJpaAutoConfiguration, org.springframework.boot.autoconfigure.transaction.TransactionAutoConfiguration, org.springframework.boot.test.autoconfigure.jdbc.TestDatabaseAutoConfiguration, org.springframework.boot.test.autoconfigure.orm.jpa.TestEntityManagerAutoConfiguration]], org.springframework.boot.test.context.filter.ExcludeFilterContextCustomizer@109a83b9, org.springframework.boot.test.json.DuplicateJsonObjectContextCustomizerFactory$DuplicateJsonObjectContextCustomizer@111c0633, org.springframework.boot.test.mock.mockito.MockitoContextCustomizer@0, org.springframework.boot.test.context.SpringBootTestArgs@1, org.springframework.boot.test.context.SpringBootTestWebEnvironment@0], contextLoader = 'org.springframework.boot.test.context.SpringBootContextLoader', parent = [null]], attributes = map['org.springframework.test.context.event.ApplicationEventsTestExecutionListener.recordApplicationEvents' -> false]]; transaction manager [org.springframework.orm.jpa.JpaTransactionManager@768a0ae3]; rollback [true]
Hibernate: call next value for hibernate_sequence
2021-03-13 10:55:58.294  INFO 6648 --- [    Test worker] o.s.t.c.transaction.TransactionContext   : Rolled back transaction for test: [DefaultTestContext@25913704 testClass = PlayerRepositoryTest, testInstance = com.concordia.report.repository.PlayerRepositoryTest@497d2b19, testMethod = testUpdatePlayer@PlayerRepositoryTest, testException = [null], mergedContextConfiguration = [MergedContextConfiguration@5cb99491 testClass = PlayerRepositoryTest, locations = '{}', classes = '{class com.concordia.report.GradleReportApplication}', contextInitializerClasses = '[]', activeProfiles = '{}', propertySourceLocations = '{}', propertySourceProperties = '{org.springframework.boot.test.autoconfigure.orm.jpa.DataJpaTestContextBootstrapper=true}', contextCustomizers = set[org.springframework.boot.test.autoconfigure.OverrideAutoConfigurationContextCustomizerFactory$DisableAutoConfigurationContextCustomizer@15ac5146, org.springframework.boot.test.autoconfigure.actuate.metrics.MetricsExportContextCustomizerFactory$DisableMetricExportContextCustomizer@206623d4, org.springframework.boot.test.autoconfigure.filter.TypeExcludeFiltersContextCustomizer@351584c0, org.springframework.boot.test.autoconfigure.properties.PropertyMappingContextCustomizer@ac45a34a, org.springframework.boot.test.autoconfigure.web.servlet.WebDriverContextCustomizerFactory$Customizer@49661dab, [ImportsContextCustomizer@5ff31a26 key = [org.springframework.boot.autoconfigure.cache.CacheAutoConfiguration, org.springframework.boot.autoconfigure.data.jpa.JpaRepositoriesAutoConfiguration, org.springframework.boot.autoconfigure.flyway.FlywayAutoConfiguration, org.springframework.boot.autoconfigure.jdbc.DataSourceAutoConfiguration, org.springframework.boot.autoconfigure.jdbc.DataSourceTransactionManagerAutoConfiguration, org.springframework.boot.autoconfigure.jdbc.JdbcTemplateAutoConfiguration, org.springframework.boot.autoconfigure.liquibase.LiquibaseAutoConfiguration, org.springframework.boot.autoconfigure.orm.jpa.HibernateJpaAutoConfiguration, org.springframework.boot.autoconfigure.transaction.TransactionAutoConfiguration, org.springframework.boot.test.autoconfigure.jdbc.TestDatabaseAutoConfiguration, org.springframework.boot.test.autoconfigure.orm.jpa.TestEntityManagerAutoConfiguration]], org.springframework.boot.test.context.filter.ExcludeFilterContextCustomizer@109a83b9, org.springframework.boot.test.json.DuplicateJsonObjectContextCustomizerFactory$DuplicateJsonObjectContextCustomizer@111c0633, org.springframework.boot.test.mock.mockito.MockitoContextCustomizer@0, org.springframework.boot.test.context.SpringBootTestArgs@1, org.springframework.boot.test.context.SpringBootTestWebEnvironment@0], contextLoader = 'org.springframework.boot.test.context.SpringBootContextLoader', parent = [null]], attributes = map['org.springframework.test.context.event.ApplicationEventsTestExecutionListener.recordApplicationEvents' -> false]]
2021-03-13 10:55:58.298  INFO 6648 --- [    Test worker] o.s.t.c.transaction.TransactionContext   : Began transaction (1) for test context [DefaultTestContext@25913704 testClass = PlayerRepositoryTest, testInstance = com.concordia.report.repository.PlayerRepositoryTest@18887323, testMethod = testDeletePlayer@PlayerRepositoryTest, testException = [null], mergedContextConfiguration = [MergedContextConfiguration@5cb99491 testClass = PlayerRepositoryTest, locations = '{}', classes = '{class com.concordia.report.GradleReportApplication}', contextInitializerClasses = '[]', activeProfiles = '{}', propertySourceLocations = '{}', propertySourceProperties = '{org.springframework.boot.test.autoconfigure.orm.jpa.DataJpaTestContextBootstrapper=true}', contextCustomizers = set[org.springframework.boot.test.autoconfigure.OverrideAutoConfigurationContextCustomizerFactory$DisableAutoConfigurationContextCustomizer@15ac5146, org.springframework.boot.test.autoconfigure.actuate.metrics.MetricsExportContextCustomizerFactory$DisableMetricExportContextCustomizer@206623d4, org.springframework.boot.test.autoconfigure.filter.TypeExcludeFiltersContextCustomizer@351584c0, org.springframework.boot.test.autoconfigure.properties.PropertyMappingContextCustomizer@ac45a34a, org.springframework.boot.test.autoconfigure.web.servlet.WebDriverContextCustomizerFactory$Customizer@49661dab, [ImportsContextCustomizer@5ff31a26 key = [org.springframework.boot.autoconfigure.cache.CacheAutoConfiguration, org.springframework.boot.autoconfigure.data.jpa.JpaRepositoriesAutoConfiguration, org.springframework.boot.autoconfigure.flyway.FlywayAutoConfiguration, org.springframework.boot.autoconfigure.jdbc.DataSourceAutoConfiguration, org.springframework.boot.autoconfigure.jdbc.DataSourceTransactionManagerAutoConfiguration, org.springframework.boot.autoconfigure.jdbc.JdbcTemplateAutoConfiguration, org.springframework.boot.autoconfigure.liquibase.LiquibaseAutoConfiguration, org.springframework.boot.autoconfigure.orm.jpa.HibernateJpaAutoConfiguration, org.springframework.boot.autoconfigure.transaction.TransactionAutoConfiguration, org.springframework.boot.test.autoconfigure.jdbc.TestDatabaseAutoConfiguration, org.springframework.boot.test.autoconfigure.orm.jpa.TestEntityManagerAutoConfiguration]], org.springframework.boot.test.context.filter.ExcludeFilterContextCustomizer@109a83b9, org.springframework.boot.test.json.DuplicateJsonObjectContextCustomizerFactory$DuplicateJsonObjectContextCustomizer@111c0633, org.springframework.boot.test.mock.mockito.MockitoContextCustomizer@0, org.springframework.boot.test.context.SpringBootTestArgs@1, org.springframework.boot.test.context.SpringBootTestWebEnvironment@0], contextLoader = 'org.springframework.boot.test.context.SpringBootContextLoader', parent = [null]], attributes = map['org.springframework.test.context.event.ApplicationEventsTestExecutionListener.recordApplicationEvents' -> false]]; transaction manager [org.springframework.orm.jpa.JpaTransactionManager@768a0ae3]; rollback [true]
Hibernate: call next value for hibernate_sequence
2021-03-13 10:55:58.306  INFO 6648 --- [    Test worker] o.s.t.c.transaction.TransactionContext   : Rolled back transaction for test: [DefaultTestContext@25913704 testClass = PlayerRepositoryTest, testInstance = com.concordia.report.repository.PlayerRepositoryTest@18887323, testMethod = testDeletePlayer@PlayerRepositoryTest, testException = [null], mergedContextConfiguration = [MergedContextConfiguration@5cb99491 testClass = PlayerRepositoryTest, locations = '{}', classes = '{class com.concordia.report.GradleReportApplication}', contextInitializerClasses = '[]', activeProfiles = '{}', propertySourceLocations = '{}', propertySourceProperties = '{org.springframework.boot.test.autoconfigure.orm.jpa.DataJpaTestContextBootstrapper=true}', contextCustomizers = set[org.springframework.boot.test.autoconfigure.OverrideAutoConfigurationContextCustomizerFactory$DisableAutoConfigurationContextCustomizer@15ac5146, org.springframework.boot.test.autoconfigure.actuate.metrics.MetricsExportContextCustomizerFactory$DisableMetricExportContextCustomizer@206623d4, org.springframework.boot.test.autoconfigure.filter.TypeExcludeFiltersContextCustomizer@351584c0, org.springframework.boot.test.autoconfigure.properties.PropertyMappingContextCustomizer@ac45a34a, org.springframework.boot.test.autoconfigure.web.servlet.WebDriverContextCustomizerFactory$Customizer@49661dab, [ImportsContextCustomizer@5ff31a26 key = [org.springframework.boot.autoconfigure.cache.CacheAutoConfiguration, org.springframework.boot.autoconfigure.data.jpa.JpaRepositoriesAutoConfiguration, org.springframework.boot.autoconfigure.flyway.FlywayAutoConfiguration, org.springframework.boot.autoconfigure.jdbc.DataSourceAutoConfiguration, org.springframework.boot.autoconfigure.jdbc.DataSourceTransactionManagerAutoConfiguration, org.springframework.boot.autoconfigure.jdbc.JdbcTemplateAutoConfiguration, org.springframework.boot.autoconfigure.liquibase.LiquibaseAutoConfiguration, org.springframework.boot.autoconfigure.orm.jpa.HibernateJpaAutoConfiguration, org.springframework.boot.autoconfigure.transaction.TransactionAutoConfiguration, org.springframework.boot.test.autoconfigure.jdbc.TestDatabaseAutoConfiguration, org.springframework.boot.test.autoconfigure.orm.jpa.TestEntityManagerAutoConfiguration]], org.springframework.boot.test.context.filter.ExcludeFilterContextCustomizer@109a83b9, org.springframework.boot.test.json.DuplicateJsonObjectContextCustomizerFactory$DuplicateJsonObjectContextCustomizer@111c0633, org.springframework.boot.test.mock.mockito.MockitoContextCustomizer@0, org.springframework.boot.test.context.SpringBootTestArgs@1, org.springframework.boot.test.context.SpringBootTestWebEnvironment@0], contextLoader = 'org.springframework.boot.test.context.SpringBootContextLoader', parent = [null]], attributes = map['org.springframework.test.context.event.ApplicationEventsTestExecutionListener.recordApplicationEvents' -> false]]
2021-03-13 10:55:58.310  INFO 6648 --- [    Test worker] o.s.t.c.transaction.TransactionContext   : Began transaction (1) for test context [DefaultTestContext@25913704 testClass = PlayerRepositoryTest, testInstance = com.concordia.report.repository.PlayerRepositoryTest@4c0e2a57, testMethod = testSavePlayer@PlayerRepositoryTest, testException = [null], mergedContextConfiguration = [MergedContextConfiguration@5cb99491 testClass = PlayerRepositoryTest, locations = '{}', classes = '{class com.concordia.report.GradleReportApplication}', contextInitializerClasses = '[]', activeProfiles = '{}', propertySourceLocations = '{}', propertySourceProperties = '{org.springframework.boot.test.autoconfigure.orm.jpa.DataJpaTestContextBootstrapper=true}', contextCustomizers = set[org.springframework.boot.test.autoconfigure.OverrideAutoConfigurationContextCustomizerFactory$DisableAutoConfigurationContextCustomizer@15ac5146, org.springframework.boot.test.autoconfigure.actuate.metrics.MetricsExportContextCustomizerFactory$DisableMetricExportContextCustomizer@206623d4, org.springframework.boot.test.autoconfigure.filter.TypeExcludeFiltersContextCustomizer@351584c0, org.springframework.boot.test.autoconfigure.properties.PropertyMappingContextCustomizer@ac45a34a, org.springframework.boot.test.autoconfigure.web.servlet.WebDriverContextCustomizerFactory$Customizer@49661dab, [ImportsContextCustomizer@5ff31a26 key = [org.springframework.boot.autoconfigure.cache.CacheAutoConfiguration, org.springframework.boot.autoconfigure.data.jpa.JpaRepositoriesAutoConfiguration, org.springframework.boot.autoconfigure.flyway.FlywayAutoConfiguration, org.springframework.boot.autoconfigure.jdbc.DataSourceAutoConfiguration, org.springframework.boot.autoconfigure.jdbc.DataSourceTransactionManagerAutoConfiguration, org.springframework.boot.autoconfigure.jdbc.JdbcTemplateAutoConfiguration, org.springframework.boot.autoconfigure.liquibase.LiquibaseAutoConfiguration, org.springframework.boot.autoconfigure.orm.jpa.HibernateJpaAutoConfiguration, org.springframework.boot.autoconfigure.transaction.TransactionAutoConfiguration, org.springframework.boot.test.autoconfigure.jdbc.TestDatabaseAutoConfiguration, org.springframework.boot.test.autoconfigure.orm.jpa.TestEntityManagerAutoConfiguration]], org.springframework.boot.test.context.filter.ExcludeFilterContextCustomizer@109a83b9, org.springframework.boot.test.json.DuplicateJsonObjectContextCustomizerFactory$DuplicateJsonObjectContextCustomizer@111c0633, org.springframework.boot.test.mock.mockito.MockitoContextCustomizer@0, org.springframework.boot.test.context.SpringBootTestArgs@1, org.springframework.boot.test.context.SpringBootTestWebEnvironment@0], contextLoader = 'org.springframework.boot.test.context.SpringBootContextLoader', parent = [null]], attributes = map['org.springframework.test.context.event.ApplicationEventsTestExecutionListener.recordApplicationEvents' -> false]]; transaction manager [org.springframework.orm.jpa.JpaTransactionManager@768a0ae3]; rollback [true]
Hibernate: call next value for hibernate_sequence
Hibernate: insert into player (country, name, points, team, id) values (?, ?, ?, ?, ?)
Hibernate: select player0_.id as id1_0_, player0_.country as country2_0_, player0_.name as name3_0_, player0_.points as points4_0_, player0_.team as team5_0_ from player player0_ where player0_.name=?
2021-03-13 10:55:58.338  INFO 6648 --- [    Test worker] o.s.t.c.transaction.TransactionContext   : Rolled back transaction for test: [DefaultTestContext@25913704 testClass = PlayerRepositoryTest, testInstance = com.concordia.report.repository.PlayerRepositoryTest@4c0e2a57, testMethod = testSavePlayer@PlayerRepositoryTest, testException = [null], mergedContextConfiguration = [MergedContextConfiguration@5cb99491 testClass = PlayerRepositoryTest, locations = '{}', classes = '{class com.concordia.report.GradleReportApplication}', contextInitializerClasses = '[]', activeProfiles = '{}', propertySourceLocations = '{}', propertySourceProperties = '{org.springframework.boot.test.autoconfigure.orm.jpa.DataJpaTestContextBootstrapper=true}', contextCustomizers = set[org.springframework.boot.test.autoconfigure.OverrideAutoConfigurationContextCustomizerFactory$DisableAutoConfigurationContextCustomizer@15ac5146, org.springframework.boot.test.autoconfigure.actuate.metrics.MetricsExportContextCustomizerFactory$DisableMetricExportContextCustomizer@206623d4, org.springframework.boot.test.autoconfigure.filter.TypeExcludeFiltersContextCustomizer@351584c0, org.springframework.boot.test.autoconfigure.properties.PropertyMappingContextCustomizer@ac45a34a, org.springframework.boot.test.autoconfigure.web.servlet.WebDriverContextCustomizerFactory$Customizer@49661dab, [ImportsContextCustomizer@5ff31a26 key = [org.springframework.boot.autoconfigure.cache.CacheAutoConfiguration, org.springframework.boot.autoconfigure.data.jpa.JpaRepositoriesAutoConfiguration, org.springframework.boot.autoconfigure.flyway.FlywayAutoConfiguration, org.springframework.boot.autoconfigure.jdbc.DataSourceAutoConfiguration, org.springframework.boot.autoconfigure.jdbc.DataSourceTransactionManagerAutoConfiguration, org.springframework.boot.autoconfigure.jdbc.JdbcTemplateAutoConfiguration, org.springframework.boot.autoconfigure.liquibase.LiquibaseAutoConfiguration, org.springframework.boot.autoconfigure.orm.jpa.HibernateJpaAutoConfiguration, org.springframework.boot.autoconfigure.transaction.TransactionAutoConfiguration, org.springframework.boot.test.autoconfigure.jdbc.TestDatabaseAutoConfiguration, org.springframework.boot.test.autoconfigure.orm.jpa.TestEntityManagerAutoConfiguration]], org.springframework.boot.test.context.filter.ExcludeFilterContextCustomizer@109a83b9, org.springframework.boot.test.json.DuplicateJsonObjectContextCustomizerFactory$DuplicateJsonObjectContextCustomizer@111c0633, org.springframework.boot.test.mock.mockito.MockitoContextCustomizer@0, org.springframework.boot.test.context.SpringBootTestArgs@1, org.springframework.boot.test.context.SpringBootTestWebEnvironment@0], contextLoader = 'org.springframework.boot.test.context.SpringBootContextLoader', parent = [null]], attributes = map['org.springframework.test.context.event.ApplicationEventsTestExecutionListener.recordApplicationEvents' -> false]]
2021-03-13 10:55:58.342  INFO 6648 --- [    Test worker] o.s.t.c.transaction.TransactionContext   : Began transaction (1) for test context [DefaultTestContext@25913704 testClass = PlayerRepositoryTest, testInstance = com.concordia.report.repository.PlayerRepositoryTest@73697906, testMethod = testPaginationPlayers@PlayerRepositoryTest, testException = [null], mergedContextConfiguration = [MergedContextConfiguration@5cb99491 testClass = PlayerRepositoryTest, locations = '{}', classes = '{class com.concordia.report.GradleReportApplication}', contextInitializerClasses = '[]', activeProfiles = '{}', propertySourceLocations = '{}', propertySourceProperties = '{org.springframework.boot.test.autoconfigure.orm.jpa.DataJpaTestContextBootstrapper=true}', contextCustomizers = set[org.springframework.boot.test.autoconfigure.OverrideAutoConfigurationContextCustomizerFactory$DisableAutoConfigurationContextCustomizer@15ac5146, org.springframework.boot.test.autoconfigure.actuate.metrics.MetricsExportContextCustomizerFactory$DisableMetricExportContextCustomizer@206623d4, org.springframework.boot.test.autoconfigure.filter.TypeExcludeFiltersContextCustomizer@351584c0, org.springframework.boot.test.autoconfigure.properties.PropertyMappingContextCustomizer@ac45a34a, org.springframework.boot.test.autoconfigure.web.servlet.WebDriverContextCustomizerFactory$Customizer@49661dab, [ImportsContextCustomizer@5ff31a26 key = [org.springframework.boot.autoconfigure.cache.CacheAutoConfiguration, org.springframework.boot.autoconfigure.data.jpa.JpaRepositoriesAutoConfiguration, org.springframework.boot.autoconfigure.flyway.FlywayAutoConfiguration, org.springframework.boot.autoconfigure.jdbc.DataSourceAutoConfiguration, org.springframework.boot.autoconfigure.jdbc.DataSourceTransactionManagerAutoConfiguration, org.springframework.boot.autoconfigure.jdbc.JdbcTemplateAutoConfiguration, org.springframework.boot.autoconfigure.liquibase.LiquibaseAutoConfiguration, org.springframework.boot.autoconfigure.orm.jpa.HibernateJpaAutoConfiguration, org.springframework.boot.autoconfigure.transaction.TransactionAutoConfiguration, org.springframework.boot.test.autoconfigure.jdbc.TestDatabaseAutoConfiguration, org.springframework.boot.test.autoconfigure.orm.jpa.TestEntityManagerAutoConfiguration]], org.springframework.boot.test.context.filter.ExcludeFilterContextCustomizer@109a83b9, org.springframework.boot.test.json.DuplicateJsonObjectContextCustomizerFactory$DuplicateJsonObjectContextCustomizer@111c0633, org.springframework.boot.test.mock.mockito.MockitoContextCustomizer@0, org.springframework.boot.test.context.SpringBootTestArgs@1, org.springframework.boot.test.context.SpringBootTestWebEnvironment@0], contextLoader = 'org.springframework.boot.test.context.SpringBootContextLoader', parent = [null]], attributes = map['org.springframework.test.context.event.ApplicationEventsTestExecutionListener.recordApplicationEvents' -> false]]; transaction manager [org.springframework.orm.jpa.JpaTransactionManager@768a0ae3]; rollback [true]
Hibernate: call next value for hibernate_sequence
Hibernate: call next value for hibernate_sequence
Hibernate: call next value for hibernate_sequence
Hibernate: call next value for hibernate_sequence
Hibernate: call next value for hibernate_sequence
Hibernate: call next value for hibernate_sequence
Hibernate: call next value for hibernate_sequence
Hibernate: call next value for hibernate_sequence
Hibernate: call next value for hibernate_sequence
Hibernate: call next value for hibernate_sequence
Hibernate: call next value for hibernate_sequence
Hibernate: call next value for hibernate_sequence
Hibernate: call next value for hibernate_sequence
Hibernate: call next value for hibernate_sequence
Hibernate: call next value for hibernate_sequence
Hibernate: call next value for hibernate_sequence
Hibernate: call next value for hibernate_sequence
Hibernate: call next value for hibernate_sequence
Hibernate: call next value for hibernate_sequence
Hibernate: call next value for hibernate_sequence
Hibernate: call next value for hibernate_sequence
Hibernate: call next value for hibernate_sequence
Hibernate: call next value for hibernate_sequence
Hibernate: call next value for hibernate_sequence
Hibernate: call next value for hibernate_sequence
Hibernate: call next value for hibernate_sequence
Hibernate: call next value for hibernate_sequence
Hibernate: call next value for hibernate_sequence
Hibernate: call next value for hibernate_sequence
Hibernate: call next value for hibernate_sequence
Hibernate: call next value for hibernate_sequence
Hibernate: call next value for hibernate_sequence
Hibernate: call next value for hibernate_sequence
Hibernate: call next value for hibernate_sequence
Hibernate: call next value for hibernate_sequence
Hibernate: call next value for hibernate_sequence
Hibernate: call next value for hibernate_sequence
Hibernate: call next value for hibernate_sequence
Hibernate: call next value for hibernate_sequence
Hibernate: call next value for hibernate_sequence
Hibernate: call next value for hibernate_sequence
Hibernate: call next value for hibernate_sequence
Hibernate: call next value for hibernate_sequence
Hibernate: call next value for hibernate_sequence
Hibernate: call next value for hibernate_sequence
Hibernate: call next value for hibernate_sequence
Hibernate: call next value for hibernate_sequence
Hibernate: call next value for hibernate_sequence
Hibernate: call next value for hibernate_sequence
Hibernate: call next value for hibernate_sequence
Hibernate: call next value for hibernate_sequence
Hibernate: call next value for hibernate_sequence
Hibernate: call next value for hibernate_sequence
Hibernate: call next value for hibernate_sequence
Hibernate: call next value for hibernate_sequence
Hibernate: call next value for hibernate_sequence
Hibernate: call next value for hibernate_sequence
Hibernate: call next value for hibernate_sequence
Hibernate: call next value for hibernate_sequence
Hibernate: call next value for hibernate_sequence
Hibernate: call next value for hibernate_sequence
Hibernate: call next value for hibernate_sequence
Hibernate: call next value for hibernate_sequence
Hibernate: call next value for hibernate_sequence
Hibernate: call next value for hibernate_sequence
Hibernate: call next value for hibernate_sequence
Hibernate: call next value for hibernate_sequence
Hibernate: call next value for hibernate_sequence
Hibernate: call next value for hibernate_sequence
Hibernate: call next value for hibernate_sequence
Hibernate: call next value for hibernate_sequence
Hibernate: call next value for hibernate_sequence
Hibernate: call next value for hibernate_sequence
Hibernate: call next value for hibernate_sequence
Hibernate: call next value for hibernate_sequence
Hibernate: call next value for hibernate_sequence
Hibernate: call next value for hibernate_sequence
Hibernate: call next value for hibernate_sequence
Hibernate: call next value for hibernate_sequence
Hibernate: call next value for hibernate_sequence
Hibernate: call next value for hibernate_sequence
Hibernate: call next value for hibernate_sequence
Hibernate: call next value for hibernate_sequence
Hibernate: call next value for hibernate_sequence
Hibernate: call next value for hibernate_sequence
Hibernate: call next value for hibernate_sequence
Hibernate: call next value for hibernate_sequence
Hibernate: call next value for hibernate_sequence
Hibernate: call next value for hibernate_sequence
Hibernate: call next value for hibernate_sequence
Hibernate: call next value for hibernate_sequence
Hibernate: call next value for hibernate_sequence
Hibernate: call next value for hibernate_sequence
Hibernate: call next value for hibernate_sequence
Hibernate: call next value for hibernate_sequence
Hibernate: call next value for hibernate_sequence
Hibernate: call next value for hibernate_sequence
Hibernate: call next value for hibernate_sequence
Hibernate: call next value for hibernate_sequence
Hibernate: call next value for hibernate_sequence
Hibernate: insert into player (country, name, points, team, id) values (?, ?, ?, ?, ?)
Hibernate: insert into player (country, name, points, team, id) values (?, ?, ?, ?, ?)
Hibernate: insert into player (country, name, points, team, id) values (?, ?, ?, ?, ?)
Hibernate: insert into player (country, name, points, team, id) values (?, ?, ?, ?, ?)
Hibernate: insert into player (country, name, points, team, id) values (?, ?, ?, ?, ?)
Hibernate: insert into player (country, name, points, team, id) values (?, ?, ?, ?, ?)
Hibernate: insert into player (country, name, points, team, id) values (?, ?, ?, ?, ?)
Hibernate: insert into player (country, name, points, team, id) values (?, ?, ?, ?, ?)
Hibernate: insert into player (country, name, points, team, id) values (?, ?, ?, ?, ?)
Hibernate: insert into player (country, name, points, team, id) values (?, ?, ?, ?, ?)
Hibernate: insert into player (country, name, points, team, id) values (?, ?, ?, ?, ?)
Hibernate: insert into player (country, name, points, team, id) values (?, ?, ?, ?, ?)
Hibernate: insert into player (country, name, points, team, id) values (?, ?, ?, ?, ?)
Hibernate: insert into player (country, name, points, team, id) values (?, ?, ?, ?, ?)
Hibernate: insert into player (country, name, points, team, id) values (?, ?, ?, ?, ?)
Hibernate: insert into player (country, name, points, team, id) values (?, ?, ?, ?, ?)
Hibernate: insert into player (country, name, points, team, id) values (?, ?, ?, ?, ?)
Hibernate: insert into player (country, name, points, team, id) values (?, ?, ?, ?, ?)
Hibernate: insert into player (country, name, points, team, id) values (?, ?, ?, ?, ?)
Hibernate: insert into player (country, name, points, team, id) values (?, ?, ?, ?, ?)
Hibernate: insert into player (country, name, points, team, id) values (?, ?, ?, ?, ?)
Hibernate: insert into player (country, name, points, team, id) values (?, ?, ?, ?, ?)
Hibernate: insert into player (country, name, points, team, id) values (?, ?, ?, ?, ?)
Hibernate: insert into player (country, name, points, team, id) values (?, ?, ?, ?, ?)
Hibernate: insert into player (country, name, points, team, id) values (?, ?, ?, ?, ?)
Hibernate: insert into player (country, name, points, team, id) values (?, ?, ?, ?, ?)
Hibernate: insert into player (country, name, points, team, id) values (?, ?, ?, ?, ?)
Hibernate: insert into player (country, name, points, team, id) values (?, ?, ?, ?, ?)
Hibernate: insert into player (country, name, points, team, id) values (?, ?, ?, ?, ?)
Hibernate: insert into player (country, name, points, team, id) values (?, ?, ?, ?, ?)
Hibernate: insert into player (country, name, points, team, id) values (?, ?, ?, ?, ?)
Hibernate: insert into player (country, name, points, team, id) values (?, ?, ?, ?, ?)
Hibernate: insert into player (country, name, points, team, id) values (?, ?, ?, ?, ?)
Hibernate: insert into player (country, name, points, team, id) values (?, ?, ?, ?, ?)
Hibernate: insert into player (country, name, points, team, id) values (?, ?, ?, ?, ?)
Hibernate: insert into player (country, name, points, team, id) values (?, ?, ?, ?, ?)
Hibernate: insert into player (country, name, points, team, id) values (?, ?, ?, ?, ?)
Hibernate: insert into player (country, name, points, team, id) values (?, ?, ?, ?, ?)
Hibernate: insert into player (country, name, points, team, id) values (?, ?, ?, ?, ?)
Hibernate: insert into player (country, name, points, team, id) values (?, ?, ?, ?, ?)
Hibernate: insert into player (country, name, points, team, id) values (?, ?, ?, ?, ?)
Hibernate: insert into player (country, name, points, team, id) values (?, ?, ?, ?, ?)
Hibernate: insert into player (country, name, points, team, id) values (?, ?, ?, ?, ?)
Hibernate: insert into player (country, name, points, team, id) values (?, ?, ?, ?, ?)
Hibernate: insert into player (country, name, points, team, id) values (?, ?, ?, ?, ?)
Hibernate: insert into player (country, name, points, team, id) values (?, ?, ?, ?, ?)
Hibernate: insert into player (country, name, points, team, id) values (?, ?, ?, ?, ?)
Hibernate: insert into player (country, name, points, team, id) values (?, ?, ?, ?, ?)
Hibernate: insert into player (country, name, points, team, id) values (?, ?, ?, ?, ?)
Hibernate: insert into player (country, name, points, team, id) values (?, ?, ?, ?, ?)
Hibernate: insert into player (country, name, points, team, id) values (?, ?, ?, ?, ?)
Hibernate: insert into player (country, name, points, team, id) values (?, ?, ?, ?, ?)
Hibernate: insert into player (country, name, points, team, id) values (?, ?, ?, ?, ?)
Hibernate: insert into player (country, name, points, team, id) values (?, ?, ?, ?, ?)
Hibernate: insert into player (country, name, points, team, id) values (?, ?, ?, ?, ?)
Hibernate: insert into player (country, name, points, team, id) values (?, ?, ?, ?, ?)
Hibernate: insert into player (country, name, points, team, id) values (?, ?, ?, ?, ?)
Hibernate: insert into player (country, name, points, team, id) values (?, ?, ?, ?, ?)
Hibernate: insert into player (country, name, points, team, id) values (?, ?, ?, ?, ?)
Hibernate: insert into player (country, name, points, team, id) values (?, ?, ?, ?, ?)
Hibernate: insert into player (country, name, points, team, id) values (?, ?, ?, ?, ?)
Hibernate: insert into player (country, name, points, team, id) values (?, ?, ?, ?, ?)
Hibernate: insert into player (country, name, points, team, id) values (?, ?, ?, ?, ?)
Hibernate: insert into player (country, name, points, team, id) values (?, ?, ?, ?, ?)
Hibernate: insert into player (country, name, points, team, id) values (?, ?, ?, ?, ?)
Hibernate: insert into player (country, name, points, team, id) values (?, ?, ?, ?, ?)
Hibernate: insert into player (country, name, points, team, id) values (?, ?, ?, ?, ?)
Hibernate: insert into player (country, name, points, team, id) values (?, ?, ?, ?, ?)
Hibernate: insert into player (country, name, points, team, id) values (?, ?, ?, ?, ?)
Hibernate: insert into player (country, name, points, team, id) values (?, ?, ?, ?, ?)
Hibernate: insert into player (country, name, points, team, id) values (?, ?, ?, ?, ?)
Hibernate: insert into player (country, name, points, team, id) values (?, ?, ?, ?, ?)
Hibernate: insert into player (country, name, points, team, id) values (?, ?, ?, ?, ?)
Hibernate: insert into player (country, name, points, team, id) values (?, ?, ?, ?, ?)
Hibernate: insert into player (country, name, points, team, id) values (?, ?, ?, ?, ?)
Hibernate: insert into player (country, name, points, team, id) values (?, ?, ?, ?, ?)
Hibernate: insert into player (country, name, points, team, id) values (?, ?, ?, ?, ?)
Hibernate: insert into player (country, name, points, team, id) values (?, ?, ?, ?, ?)
Hibernate: insert into player (country, name, points, team, id) values (?, ?, ?, ?, ?)
Hibernate: insert into player (country, name, points, team, id) values (?, ?, ?, ?, ?)
Hibernate: insert into player (country, name, points, team, id) values (?, ?, ?, ?, ?)
Hibernate: insert into player (country, name, points, team, id) values (?, ?, ?, ?, ?)
Hibernate: insert into player (country, name, points, team, id) values (?, ?, ?, ?, ?)
Hibernate: insert into player (country, name, points, team, id) values (?, ?, ?, ?, ?)
Hibernate: insert into player (country, name, points, team, id) values (?, ?, ?, ?, ?)
Hibernate: insert into player (country, name, points, team, id) values (?, ?, ?, ?, ?)
Hibernate: insert into player (country, name, points, team, id) values (?, ?, ?, ?, ?)
Hibernate: insert into player (country, name, points, team, id) values (?, ?, ?, ?, ?)
Hibernate: insert into player (country, name, points, team, id) values (?, ?, ?, ?, ?)
Hibernate: insert into player (country, name, points, team, id) values (?, ?, ?, ?, ?)
Hibernate: insert into player (country, name, points, team, id) values (?, ?, ?, ?, ?)
Hibernate: insert into player (country, name, points, team, id) values (?, ?, ?, ?, ?)
Hibernate: insert into player (country, name, points, team, id) values (?, ?, ?, ?, ?)
Hibernate: insert into player (country, name, points, team, id) values (?, ?, ?, ?, ?)
Hibernate: insert into player (country, name, points, team, id) values (?, ?, ?, ?, ?)
Hibernate: insert into player (country, name, points, team, id) values (?, ?, ?, ?, ?)
Hibernate: insert into player (country, name, points, team, id) values (?, ?, ?, ?, ?)
Hibernate: insert into player (country, name, points, team, id) values (?, ?, ?, ?, ?)
Hibernate: insert into player (country, name, points, team, id) values (?, ?, ?, ?, ?)
Hibernate: insert into player (country, name, points, team, id) values (?, ?, ?, ?, ?)
Hibernate: select count(*) as col_0_0_ from player player0_
Hibernate: select player0_.id as id1_0_, player0_.country as country2_0_, player0_.name as name3_0_, player0_.points as points4_0_, player0_.team as team5_0_ from player player0_ limit ? offset ?
Hibernate: select count(player0_.id) as col_0_0_ from player player0_
2021-03-13 10:55:58.489  INFO 6648 --- [    Test worker] o.s.t.c.transaction.TransactionContext   : Rolled back transaction for test: [DefaultTestContext@25913704 testClass = PlayerRepositoryTest, testInstance = com.concordia.report.repository.PlayerRepositoryTest@73697906, testMethod = testPaginationPlayers@PlayerRepositoryTest, testException = [null], mergedContextConfiguration = [MergedContextConfiguration@5cb99491 testClass = PlayerRepositoryTest, locations = '{}', classes = '{class com.concordia.report.GradleReportApplication}', contextInitializerClasses = '[]', activeProfiles = '{}', propertySourceLocations = '{}', propertySourceProperties = '{org.springframework.boot.test.autoconfigure.orm.jpa.DataJpaTestContextBootstrapper=true}', contextCustomizers = set[org.springframework.boot.test.autoconfigure.OverrideAutoConfigurationContextCustomizerFactory$DisableAutoConfigurationContextCustomizer@15ac5146, org.springframework.boot.test.autoconfigure.actuate.metrics.MetricsExportContextCustomizerFactory$DisableMetricExportContextCustomizer@206623d4, org.springframework.boot.test.autoconfigure.filter.TypeExcludeFiltersContextCustomizer@351584c0, org.springframework.boot.test.autoconfigure.properties.PropertyMappingContextCustomizer@ac45a34a, org.springframework.boot.test.autoconfigure.web.servlet.WebDriverContextCustomizerFactory$Customizer@49661dab, [ImportsContextCustomizer@5ff31a26 key = [org.springframework.boot.autoconfigure.cache.CacheAutoConfiguration, org.springframework.boot.autoconfigure.data.jpa.JpaRepositoriesAutoConfiguration, org.springframework.boot.autoconfigure.flyway.FlywayAutoConfiguration, org.springframework.boot.autoconfigure.jdbc.DataSourceAutoConfiguration, org.springframework.boot.autoconfigure.jdbc.DataSourceTransactionManagerAutoConfiguration, org.springframework.boot.autoconfigure.jdbc.JdbcTemplateAutoConfiguration, org.springframework.boot.autoconfigure.liquibase.LiquibaseAutoConfiguration, org.springframework.boot.autoconfigure.orm.jpa.HibernateJpaAutoConfiguration, org.springframework.boot.autoconfigure.transaction.TransactionAutoConfiguration, org.springframework.boot.test.autoconfigure.jdbc.TestDatabaseAutoConfiguration, org.springframework.boot.test.autoconfigure.orm.jpa.TestEntityManagerAutoConfiguration]], org.springframework.boot.test.context.filter.ExcludeFilterContextCustomizer@109a83b9, org.springframework.boot.test.json.DuplicateJsonObjectContextCustomizerFactory$DuplicateJsonObjectContextCustomizer@111c0633, org.springframework.boot.test.mock.mockito.MockitoContextCustomizer@0, org.springframework.boot.test.context.SpringBootTestArgs@1, org.springframework.boot.test.context.SpringBootTestWebEnvironment@0], contextLoader = 'org.springframework.boot.test.context.SpringBootContextLoader', parent = [null]], attributes = map['org.springframework.test.context.event.ApplicationEventsTestExecutionListener.recordApplicationEvents' -> false]]
2021-03-13 10:55:58.493  INFO 6648 --- [    Test worker] o.s.t.c.transaction.TransactionContext   : Began transaction (1) for test context [DefaultTestContext@25913704 testClass = PlayerRepositoryTest, testInstance = com.concordia.report.repository.PlayerRepositoryTest@7624c842, testMethod = testGetPlayer@PlayerRepositoryTest, testException = [null], mergedContextConfiguration = [MergedContextConfiguration@5cb99491 testClass = PlayerRepositoryTest, locations = '{}', classes = '{class com.concordia.report.GradleReportApplication}', contextInitializerClasses = '[]', activeProfiles = '{}', propertySourceLocations = '{}', propertySourceProperties = '{org.springframework.boot.test.autoconfigure.orm.jpa.DataJpaTestContextBootstrapper=true}', contextCustomizers = set[org.springframework.boot.test.autoconfigure.OverrideAutoConfigurationContextCustomizerFactory$DisableAutoConfigurationContextCustomizer@15ac5146, org.springframework.boot.test.autoconfigure.actuate.metrics.MetricsExportContextCustomizerFactory$DisableMetricExportContextCustomizer@206623d4, org.springframework.boot.test.autoconfigure.filter.TypeExcludeFiltersContextCustomizer@351584c0, org.springframework.boot.test.autoconfigure.properties.PropertyMappingContextCustomizer@ac45a34a, org.springframework.boot.test.autoconfigure.web.servlet.WebDriverContextCustomizerFactory$Customizer@49661dab, [ImportsContextCustomizer@5ff31a26 key = [org.springframework.boot.autoconfigure.cache.CacheAutoConfiguration, org.springframework.boot.autoconfigure.data.jpa.JpaRepositoriesAutoConfiguration, org.springframework.boot.autoconfigure.flyway.FlywayAutoConfiguration, org.springframework.boot.autoconfigure.jdbc.DataSourceAutoConfiguration, org.springframework.boot.autoconfigure.jdbc.DataSourceTransactionManagerAutoConfiguration, org.springframework.boot.autoconfigure.jdbc.JdbcTemplateAutoConfiguration, org.springframework.boot.autoconfigure.liquibase.LiquibaseAutoConfiguration, org.springframework.boot.autoconfigure.orm.jpa.HibernateJpaAutoConfiguration, org.springframework.boot.autoconfigure.transaction.TransactionAutoConfiguration, org.springframework.boot.test.autoconfigure.jdbc.TestDatabaseAutoConfiguration, org.springframework.boot.test.autoconfigure.orm.jpa.TestEntityManagerAutoConfiguration]], org.springframework.boot.test.context.filter.ExcludeFilterContextCustomizer@109a83b9, org.springframework.boot.test.json.DuplicateJsonObjectContextCustomizerFactory$DuplicateJsonObjectContextCustomizer@111c0633, org.springframework.boot.test.mock.mockito.MockitoContextCustomizer@0, org.springframework.boot.test.context.SpringBootTestArgs@1, org.springframework.boot.test.context.SpringBootTestWebEnvironment@0], contextLoader = 'org.springframework.boot.test.context.SpringBootContextLoader', parent = [null]], attributes = map['org.springframework.test.context.event.ApplicationEventsTestExecutionListener.recordApplicationEvents' -> false]]; transaction manager [org.springframework.orm.jpa.JpaTransactionManager@768a0ae3]; rollback [true]
Hibernate: call next value for hibernate_sequence
Hibernate: insert into player (country, name, points, team, id) values (?, ?, ?, ?, ?)
Hibernate: select player0_.id as id1_0_, player0_.country as country2_0_, player0_.name as name3_0_, player0_.points as points4_0_, player0_.team as team5_0_ from player player0_ where player0_.name=?
2021-03-13 10:55:58.500  INFO 6648 --- [    Test worker] o.s.t.c.transaction.TransactionContext   : Rolled back transaction for test: [DefaultTestContext@25913704 testClass = PlayerRepositoryTest, testInstance = com.concordia.report.repository.PlayerRepositoryTest@7624c842, testMethod = testGetPlayer@PlayerRepositoryTest, testException = [null], mergedContextConfiguration = [MergedContextConfiguration@5cb99491 testClass = PlayerRepositoryTest, locations = '{}', classes = '{class com.concordia.report.GradleReportApplication}', contextInitializerClasses = '[]', activeProfiles = '{}', propertySourceLocations = '{}', propertySourceProperties = '{org.springframework.boot.test.autoconfigure.orm.jpa.DataJpaTestContextBootstrapper=true}', contextCustomizers = set[org.springframework.boot.test.autoconfigure.OverrideAutoConfigurationContextCustomizerFactory$DisableAutoConfigurationContextCustomizer@15ac5146, org.springframework.boot.test.autoconfigure.actuate.metrics.MetricsExportContextCustomizerFactory$DisableMetricExportContextCustomizer@206623d4, org.springframework.boot.test.autoconfigure.filter.TypeExcludeFiltersContextCustomizer@351584c0, org.springframework.boot.test.autoconfigure.properties.PropertyMappingContextCustomizer@ac45a34a, org.springframework.boot.test.autoconfigure.web.servlet.WebDriverContextCustomizerFactory$Customizer@49661dab, [ImportsContextCustomizer@5ff31a26 key = [org.springframework.boot.autoconfigure.cache.CacheAutoConfiguration, org.springframework.boot.autoconfigure.data.jpa.JpaRepositoriesAutoConfiguration, org.springframework.boot.autoconfigure.flyway.FlywayAutoConfiguration, org.springframework.boot.autoconfigure.jdbc.DataSourceAutoConfiguration, org.springframework.boot.autoconfigure.jdbc.DataSourceTransactionManagerAutoConfiguration, org.springframework.boot.autoconfigure.jdbc.JdbcTemplateAutoConfiguration, org.springframework.boot.autoconfigure.liquibase.LiquibaseAutoConfiguration, org.springframework.boot.autoconfigure.orm.jpa.HibernateJpaAutoConfiguration, org.springframework.boot.autoconfigure.transaction.TransactionAutoConfiguration, org.springframework.boot.test.autoconfigure.jdbc.TestDatabaseAutoConfiguration, org.springframework.boot.test.autoconfigure.orm.jpa.TestEntityManagerAutoConfiguration]], org.springframework.boot.test.context.filter.ExcludeFilterContextCustomizer@109a83b9, org.springframework.boot.test.json.DuplicateJsonObjectContextCustomizerFactory$DuplicateJsonObjectContextCustomizer@111c0633, org.springframework.boot.test.mock.mockito.MockitoContextCustomizer@0, org.springframework.boot.test.context.SpringBootTestArgs@1, org.springframework.boot.test.context.SpringBootTestWebEnvironment@0], contextLoader = 'org.springframework.boot.test.context.SpringBootContextLoader', parent = [null]], attributes = map['org.springframework.test.context.event.ApplicationEventsTestExecutionListener.recordApplicationEvents' -> false]]
]]></system-out>
  <system-err><![CDATA[]]></system-err>
</testsuite>
